# JRE version: Java(TM) SE Runtime Environment (24.0+36) (build 24+36-3646)
# Java VM: Java HotSpot(TM) 64-Bit Server VM (24+36-3646, mixed mode, sharing, tiered, compressed oops, compressed class ptrs, g1 gc, windows-amd64)
GC Precious Log:
 CardTable entry size: 512
 Card Set container configuration: InlinePtr #cards 4 size 8 Array Of Cards #cards 16 size 48 Howl #buckets 8 coarsen threshold 3686 Howl Bitmap #cards 512 size 80 coarsen threshold 460 Card regions per heap region 1 cards per card region 4096
 CPUs: 4 total, 4 available
 Memory: 12143M
 Large Page Support: Disabled
 NUMA Support: Disabled
 Compressed Oops: Enabled (Zero based)
 Heap Region Size: 2M
 Heap Min Capacity: 8M
 Heap Initial Capacity: 190M
 Heap Max Capacity: 3036M
 Pre-touch: Disabled
 Parallel Workers: 4
 Concurrent Workers: 1
 Concurrent Refinement Workers: 4
 Periodic GC: Disabled
Heap:
 garbage-first heap   total reserved 3108864K, committed 196608K, used 40798K [0x0000000742400000, 0x0000000800000000)
  region size 2048K, 12 young (24576K), 1 survivors (2048K)
 Metaspace       used 11561K, committed 11840K, reserved 1114112K
  class space    used 988K, committed 1088K, reserved 1048576K
GC Heap History (6 events):
Event: 70410.676 GC heap before
{Heap before GC invocations=0 (full 0):
 garbage-first heap   total reserved 3108864K, committed 196608K, used 52340K [0x0000000742400000, 0x0000000800000000)
  region size 2048K, 14 young (28672K), 0 survivors (0K)
 Metaspace       used 11126K, committed 11264K, reserved 1114112K
  class space    used 984K, committed 1024K, reserved 1048576K
}
Event: 70410.772 GC heap after
{Heap after GC invocations=1 (full 0):
 garbage-first heap   total reserved 3108864K, committed 196608K, used 26164K [0x0000000742400000, 0x0000000800000000)
  region size 2048K, 2 young (4096K), 2 survivors (4096K)
 Metaspace       used 11126K, committed 11264K, reserved 1114112K
  class space    used 984K, committed 1024K, reserved 1048576K
}
Event: 70946.661 GC heap before
{Heap before GC invocations=1 (full 0):
 garbage-first heap   total reserved 3108864K, committed 196608K, used 36404K [0x0000000742400000, 0x0000000800000000)
  region size 2048K, 7 young (14336K), 2 survivors (4096K)
 Metaspace       used 11297K, committed 11584K, reserved 1114112K
  class space    used 984K, committed 1088K, reserved 1048576K
}
Event: 70946.694 GC heap after
{Heap after GC invocations=2 (full 0):
 garbage-first heap   total reserved 3108864K, committed 196608K, used 12011K [0x0000000742400000, 0x0000000800000000)
  region size 2048K, 1 young (2048K), 1 survivors (2048K)
 Metaspace       used 11297K, committed 11584K, reserved 1114112K
  class space    used 984K, committed 1088K, reserved 1048576K
}
Event: 71086.230 GC heap before
{Heap before GC invocations=2 (full 0):
 garbage-first heap   total reserved 3108864K, committed 196608K, used 40683K [0x0000000742400000, 0x0000000800000000)
  region size 2048K, 16 young (32768K), 1 survivors (2048K)
 Metaspace       used 11484K, committed 11712K, reserved 1114112K
  class space    used 984K, committed 1088K, reserved 1048576K
}
Event: 71086.241 GC heap after
{Heap after GC invocations=3 (full 0):
 garbage-first heap   total reserved 3108864K, committed 196608K, used 12126K [0x0000000742400000, 0x0000000800000000)
  region size 2048K, 1 young (2048K), 1 survivors (2048K)
 Metaspace       used 11484K, committed 11712K, reserved 1114112K
  class space    used 984K, committed 1088K, reserved 1048576K
}

